<?xml version="1.0" encoding="UTF-8"?>
<testsuite xmlns:xsi="http://www.w3.org/2001/XMLSchema-instance" xsi:noNamespaceSchemaLocation="https://maven.apache.org/surefire/maven-surefire-plugin/xsd/surefire-test-report-3.0.xsd" version="3.0" name="com.icbt.service.BillServiceTest" time="0.134" tests="5" errors="0" skipped="0" failures="0">
  <properties>
[...]
</properties>
  <testcase name="testAddBill" classname="com.icbt.service.BillServiceTest" time="0.02"/>
  <testcase name="testGetBillById" classname="com.icbt.service.BillServiceTest" time="0.021"/>
  <testcase name="testUpdateBill" classname="com.icbt.service.BillServiceTest" time="0.029"/>
  <testcase name="testGetAllBills" classname="com.icbt.service.BillServiceTest" time="0.022"/>
  <testcase name="testDeleteBill" classname="com.icbt.service.BillServiceTest" time="0.027"/>
</testsuite>